2023-02-15 07:07:37,289 :INFO:  test_login: information statement
2023-02-15 07:07:37,289 :WARNING:  test_login: warning
2023-02-15 07:07:37,289 :ERROR:  test_login: error
2023-02-15 07:07:37,289 :CRITICAL:  test_login: critical
2023-02-15 07:11:18,468 :INFO:  test_login: information statement
2023-02-15 07:11:18,468 :WARNING:  test_login: warning
2023-02-15 07:11:18,468 :ERROR:  test_login: error
2023-02-15 07:11:18,468 :CRITICAL:  test_login: critical
2023-02-15 07:24:45,448 :INFO:  test_login: information statement
2023-02-15 07:24:45,448 :WARNING:  test_login: warning
2023-02-15 07:24:45,448 :ERROR:  test_login: error
2023-02-15 07:24:45,448 :CRITICAL:  test_login: critical
2023-02-15 07:24:51,503 :INFO:  test_login: register completed
2023-02-15 07:25:44,377 :INFO:  test_login: information statement
2023-02-15 07:25:44,377 :WARNING:  test_login: warning
2023-02-15 07:25:44,377 :ERROR:  test_login: error
2023-02-15 07:25:44,377 :CRITICAL:  test_login: critical
2023-02-15 07:25:50,430 :INFO:  test_login: register completed
2023-02-15 07:27:56,529 :INFO:  test_login: information statement
2023-02-15 07:27:56,529 :WARNING:  test_login: warning
2023-02-15 07:27:56,529 :ERROR:  test_login: error
2023-02-15 07:27:56,529 :CRITICAL:  test_login: critical
2023-02-15 07:28:02,596 :INFO:  test_login: register completed
2023-02-15 07:28:59,001 :INFO:  test_login: information statement
2023-02-15 07:28:59,001 :WARNING:  test_login: warning
2023-02-15 07:28:59,001 :ERROR:  test_login: error
2023-02-15 07:28:59,001 :CRITICAL:  test_login: critical
2023-02-15 07:29:05,066 :INFO:  test_login: register completed
2023-02-15 07:40:06,784 :INFO:  test_login: information statement
2023-02-15 07:40:06,784 :WARNING:  test_login: warning
2023-02-15 07:40:06,784 :ERROR:  test_login: error
2023-02-15 07:40:06,784 :CRITICAL:  test_login: critical
2023-02-15 07:40:12,810 :INFO:  test_login: register completed
